# JRE version: Java(TM) SE Runtime Environment (8.0_73-b02) (build 1.8.0_73-b02)
# Java VM: Java HotSpot(TM) 64-Bit Server VM (25.73-b02 mixed mode windows-amd64 compressed oops)
Heap:
 PSYoungGen      total 17408K, used 14445K [0x00000000eb400000, 0x00000000ec600000, 0x0000000100000000)
  eden space 16384K, 86% used [0x00000000eb400000,0x00000000ec1ddfe0,0x00000000ec400000)
  from space 1024K, 24% used [0x00000000ec500000,0x00000000ec53d810,0x00000000ec600000)
  to   space 1024K, 0% used [0x00000000ec400000,0x00000000ec400000,0x00000000ec500000)
 ParOldGen       total 44032K, used 30908K [0x00000000c1c00000, 0x00000000c4700000, 0x00000000eb400000)
  object space 44032K, 70% used [0x00000000c1c00000,0x00000000c3a2f130,0x00000000c4700000)
 Metaspace       used 17214K, capacity 17762K, committed 18048K, reserved 1064960K
  class space    used 2213K, capacity 2372K, committed 2432K, reserved 1048576K
GC Heap History (10 events):
Event: 235.442 GC heap before
{Heap before GC invocations=160 (full 0):
 PSYoungGen      total 17408K, used 16819K [0x00000000eb400000, 0x00000000ec600000, 0x0000000100000000)
  eden space 16384K, 99% used [0x00000000eb400000,0x00000000ec3fa720,0x00000000ec400000)
  from space 1024K, 44% used [0x00000000ec400000,0x00000000ec4727d0,0x00000000ec500000)
  to   space 1024K, 0% used [0x00000000ec500000,0x00000000ec500000,0x00000000ec600000)
 ParOldGen       total 44032K, used 29905K [0x00000000c1c00000, 0x00000000c4700000, 0x00000000eb400000)
  object space 44032K, 67% used [0x00000000c1c00000,0x00000000c39347e8,0x00000000c4700000)
 Metaspace       used 17210K, capacity 17762K, committed 18048K, reserved 1064960K
  class space    used 2213K, capacity 2372K, committed 2432K, reserved 1048576K
Event: 235.445 GC heap after
Heap after GC invocations=160 (full 0):
 PSYoungGen      total 17408K, used 681K [0x00000000eb400000, 0x00000000ec600000, 0x0000000100000000)
  eden space 16384K, 0% used [0x00000000eb400000,0x00000000eb400000,0x00000000ec400000)
  from space 1024K, 66% used [0x00000000ec500000,0x00000000ec5aa450,0x00000000ec600000)
  to   space 1024K, 0% used [0x00000000ec400000,0x00000000ec400000,0x00000000ec500000)
 ParOldGen       total 44032K, used 30072K [0x00000000c1c00000, 0x00000000c4700000, 0x00000000eb400000)
  object space 44032K, 68% used [0x00000000c1c00000,0x00000000c395e008,0x00000000c4700000)
 Metaspace       used 17210K, capacity 17762K, committed 18048K, reserved 1064960K
  class space    used 2213K, capacity 2372K, committed 2432K, reserved 1048576K
}
Event: 236.501 GC heap before
{Heap before GC invocations=161 (full 0):
 PSYoungGen      total 17408K, used 17065K [0x00000000eb400000, 0x00000000ec600000, 0x0000000100000000)
  eden space 16384K, 100% used [0x00000000eb400000,0x00000000ec400000,0x00000000ec400000)
  from space 1024K, 66% used [0x00000000ec500000,0x00000000ec5aa450,0x00000000ec600000)
  to   space 1024K, 0% used [0x00000000ec400000,0x00000000ec400000,0x00000000ec500000)
 ParOldGen       total 44032K, used 30072K [0x00000000c1c00000, 0x00000000c4700000, 0x00000000eb400000)
  object space 44032K, 68% used [0x00000000c1c00000,0x00000000c395e008,0x00000000c4700000)
 Metaspace       used 17211K, capacity 17762K, committed 18048K, reserved 1064960K
  class space    used 2213K, capacity 2372K, committed 2432K, reserved 1048576K
Event: 236.504 GC heap after
Heap after GC invocations=161 (full 0):
 PSYoungGen      total 17408K, used 430K [0x00000000eb400000, 0x00000000ec600000, 0x0000000100000000)
  eden space 16384K, 0% used [0x00000000eb400000,0x00000000eb400000,0x00000000ec400000)
  from space 1024K, 42% used [0x00000000ec400000,0x00000000ec46b870,0x00000000ec500000)
  to   space 1024K, 0% used [0x00000000ec500000,0x00000000ec500000,0x00000000ec600000)
 ParOldGen       total 44032K, used 30319K [0x00000000c1c00000, 0x00000000c4700000, 0x00000000eb400000)
  object space 44032K, 68% used [0x00000000c1c00000,0x00000000c399bfa0,0x00000000c4700000)
 Metaspace       used 17211K, capacity 17762K, committed 18048K, reserved 1064960K
  class space    used 2213K, capacity 2372K, committed 2432K, reserved 1048576K
}
Event: 237.540 GC heap before
{Heap before GC invocations=162 (full 0):
 PSYoungGen      total 17408K, used 16814K [0x00000000eb400000, 0x00000000ec600000, 0x0000000100000000)
  eden space 16384K, 100% used [0x00000000eb400000,0x00000000ec400000,0x00000000ec400000)
  from space 1024K, 42% used [0x00000000ec400000,0x00000000ec46b870,0x00000000ec500000)
  to   space 1024K, 0% used [0x00000000ec500000,0x00000000ec500000,0x00000000ec600000)
 ParOldGen       total 44032K, used 30320K [0x00000000c1c00000, 0x00000000c4700000, 0x00000000eb400000)
  object space 44032K, 68% used [0x00000000c1c00000,0x00000000c399c1e8,0x00000000c4700000)
 Metaspace       used 17212K, capacity 17762K, committed 18048K, reserved 1064960K
  class space    used 2213K, capacity 2372K, committed 2432K, reserved 1048576K
Event: 237.542 GC heap after
Heap after GC invocations=162 (full 0):
 PSYoungGen      total 17408K, used 495K [0x00000000eb400000, 0x00000000ec600000, 0x0000000100000000)
  eden space 16384K, 0% used [0x00000000eb400000,0x00000000eb400000,0x00000000ec400000)
  from space 1024K, 48% used [0x00000000ec500000,0x00000000ec57bf60,0x00000000ec600000)
  to   space 1024K, 0% used [0x00000000ec400000,0x00000000ec400000,0x00000000ec500000)
 ParOldGen       total 44032K, used 30494K [0x00000000c1c00000, 0x00000000c4700000, 0x00000000eb400000)
  object space 44032K, 69% used [0x00000000c1c00000,0x00000000c39c7a08,0x00000000c4700000)
 Metaspace       used 17212K, capacity 17762K, committed 18048K, reserved 1064960K
  class space    used 2213K, capacity 2372K, committed 2432K, reserved 1048576K
}
Event: 238.579 GC heap before
{Heap before GC invocations=163 (full 0):
 PSYoungGen      total 17408K, used 16879K [0x00000000eb400000, 0x00000000ec600000, 0x0000000100000000)
  eden space 16384K, 100% used [0x00000000eb400000,0x00000000ec400000,0x00000000ec400000)
  from space 1024K, 48% used [0x00000000ec500000,0x00000000ec57bf60,0x00000000ec600000)
  to   space 1024K, 0% used [0x00000000ec400000,0x00000000ec400000,0x00000000ec500000)
 ParOldGen       total 44032K, used 30499K [0x00000000c1c00000, 0x00000000c4700000, 0x00000000eb400000)
  object space 44032K, 69% used [0x00000000c1c00000,0x00000000c39c8e90,0x00000000c4700000)
 Metaspace       used 17214K, capacity 17762K, committed 18048K, reserved 1064960K
  class space    used 2213K, capacity 2372K, committed 2432K, reserved 1048576K
Event: 238.581 GC heap after
Heap after GC invocations=163 (full 0):
 PSYoungGen      total 17408K, used 314K [0x00000000eb400000, 0x00000000ec600000, 0x0000000100000000)
  eden space 16384K, 0% used [0x00000000eb400000,0x00000000eb400000,0x00000000ec400000)
  from space 1024K, 30% used [0x00000000ec400000,0x00000000ec44ea80,0x00000000ec500000)
  to   space 1024K, 0% used [0x00000000ec500000,0x00000000ec500000,0x00000000ec600000)
 ParOldGen       total 44032K, used 30673K [0x00000000c1c00000, 0x00000000c4700000, 0x00000000eb400000)
  object space 44032K, 69% used [0x00000000c1c00000,0x00000000c39f46b0,0x00000000c4700000)
 Metaspace       used 17214K, capacity 17762K, committed 18048K, reserved 1064960K
  class space    used 2213K, capacity 2372K, committed 2432K, reserved 1048576K
}
Event: 239.639 GC heap before
{Heap before GC invocations=164 (full 0):
 PSYoungGen      total 17408K, used 16686K [0x00000000eb400000, 0x00000000ec600000, 0x0000000100000000)
  eden space 16384K, 99% used [0x00000000eb400000,0x00000000ec3fd060,0x00000000ec400000)
  from space 1024K, 30% used [0x00000000ec400000,0x00000000ec44ea80,0x00000000ec500000)
  to   space 1024K, 0% used [0x00000000ec500000,0x00000000ec500000,0x00000000ec600000)
 ParOldGen       total 44032K, used 30673K [0x00000000c1c00000, 0x00000000c4700000, 0x00000000eb400000)
  object space 44032K, 69% used [0x00000000c1c00000,0x00000000c39f46b0,0x00000000c4700000)
 Metaspace       used 17214K, capacity 17762K, committed 18048K, reserved 1064960K
  class space    used 2213K, capacity 2372K, committed 2432K, reserved 1048576K
Event: 239.641 GC heap after
Heap after GC invocations=164 (full 0):
 PSYoungGen      total 17408K, used 246K [0x00000000eb400000, 0x00000000ec600000, 0x0000000100000000)
  eden space 16384K, 0% used [0x00000000eb400000,0x00000000eb400000,0x00000000ec400000)
  from space 1024K, 24% used [0x00000000ec500000,0x00000000ec53d810,0x00000000ec600000)
  to   space 1024K, 0% used [0x00000000ec400000,0x00000000ec400000,0x00000000ec500000)
 ParOldGen       total 44032K, used 30908K [0x00000000c1c00000, 0x00000000c4700000, 0x00000000eb400000)
  object space 44032K, 70% used [0x00000000c1c00000,0x00000000c3a2f130,0x00000000c4700000)
 Metaspace       used 17214K, capacity 17762K, committed 18048K, reserved 1064960K
  class space    used 2213K, capacity 2372K, committed 2432K, reserved 1048576K
}

