# JRE version: Java(TM) SE Runtime Environment (8.0_73-b02) (build 1.8.0_73-b02)
# Java VM: Java HotSpot(TM) 64-Bit Server VM (25.73-b02 mixed mode windows-amd64 compressed oops)
Heap:
 PSYoungGen      total 17408K, used 13975K [0x00000000eb400000, 0x00000000ec800000, 0x0000000100000000)
  eden space 16896K, 80% used [0x00000000eb400000,0x00000000ec1527d0,0x00000000ec480000)
  from space 512K, 65% used [0x00000000ec700000,0x00000000ec753558,0x00000000ec780000)
  to   space 512K, 0% used [0x00000000ec780000,0x00000000ec780000,0x00000000ec800000)
 ParOldGen       total 44032K, used 21327K [0x00000000c1c00000, 0x00000000c4700000, 0x00000000eb400000)
  object space 44032K, 48% used [0x00000000c1c00000,0x00000000c30d3f28,0x00000000c4700000)
 Metaspace       used 16996K, capacity 17564K, committed 17792K, reserved 1064960K
  class space    used 2207K, capacity 2371K, committed 2432K, reserved 1048576K
GC Heap History (10 events):
Event: 81.226 GC heap before
{Heap before GC invocations=103 (full 0):
 PSYoungGen      total 17408K, used 17223K [0x00000000eb400000, 0x00000000ec880000, 0x0000000100000000)
  eden space 16896K, 100% used [0x00000000eb400000,0x00000000ec480000,0x00000000ec480000)
  from space 512K, 63% used [0x00000000ec800000,0x00000000ec851e20,0x00000000ec880000)
  to   space 1024K, 0% used [0x00000000ec680000,0x00000000ec680000,0x00000000ec780000)
 ParOldGen       total 44032K, used 20568K [0x00000000c1c00000, 0x00000000c4700000, 0x00000000eb400000)
  object space 44032K, 46% used [0x00000000c1c00000,0x00000000c3016148,0x00000000c4700000)
 Metaspace       used 16959K, capacity 17500K, committed 17792K, reserved 1064960K
  class space    used 2207K, capacity 2371K, committed 2432K, reserved 1048576K
Event: 81.229 GC heap after
Heap after GC invocations=103 (full 0):
 PSYoungGen      total 17920K, used 333K [0x00000000eb400000, 0x00000000ec880000, 0x0000000100000000)
  eden space 16896K, 0% used [0x00000000eb400000,0x00000000eb400000,0x00000000ec480000)
  from space 1024K, 32% used [0x00000000ec680000,0x00000000ec6d35a0,0x00000000ec780000)
  to   space 1024K, 0% used [0x00000000ec780000,0x00000000ec780000,0x00000000ec880000)
 ParOldGen       total 44032K, used 20726K [0x00000000c1c00000, 0x00000000c4700000, 0x00000000eb400000)
  object space 44032K, 47% used [0x00000000c1c00000,0x00000000c303d958,0x00000000c4700000)
 Metaspace       used 16959K, capacity 17500K, committed 17792K, reserved 1064960K
  class space    used 2207K, capacity 2371K, committed 2432K, reserved 1048576K
}
Event: 82.089 GC heap before
{Heap before GC invocations=104 (full 0):
 PSYoungGen      total 17920K, used 17229K [0x00000000eb400000, 0x00000000ec880000, 0x0000000100000000)
  eden space 16896K, 100% used [0x00000000eb400000,0x00000000ec480000,0x00000000ec480000)
  from space 1024K, 32% used [0x00000000ec680000,0x00000000ec6d35a0,0x00000000ec780000)
  to   space 1024K, 0% used [0x00000000ec780000,0x00000000ec780000,0x00000000ec880000)
 ParOldGen       total 44032K, used 20726K [0x00000000c1c00000, 0x00000000c4700000, 0x00000000eb400000)
  object space 44032K, 47% used [0x00000000c1c00000,0x00000000c303d958,0x00000000c4700000)
 Metaspace       used 16960K, capacity 17500K, committed 17792K, reserved 1064960K
  class space    used 2207K, capacity 2371K, committed 2432K, reserved 1048576K
Event: 82.091 GC heap after
Heap after GC invocations=104 (full 0):
 PSYoungGen      total 17408K, used 246K [0x00000000eb400000, 0x00000000ec800000, 0x0000000100000000)
  eden space 16896K, 0% used [0x00000000eb400000,0x00000000eb400000,0x00000000ec480000)
  from space 512K, 48% used [0x00000000ec780000,0x00000000ec7bd810,0x00000000ec800000)
  to   space 512K, 0% used [0x00000000ec700000,0x00000000ec700000,0x00000000ec780000)
 ParOldGen       total 44032K, used 20979K [0x00000000c1c00000, 0x00000000c4700000, 0x00000000eb400000)
  object space 44032K, 47% used [0x00000000c1c00000,0x00000000c307cef8,0x00000000c4700000)
 Metaspace       used 16960K, capacity 17500K, committed 17792K, reserved 1064960K
  class space    used 2207K, capacity 2371K, committed 2432K, reserved 1048576K
}
Event: 82.710 GC heap before
{Heap before GC invocations=105 (full 0):
 PSYoungGen      total 17408K, used 17142K [0x00000000eb400000, 0x00000000ec800000, 0x0000000100000000)
  eden space 16896K, 100% used [0x00000000eb400000,0x00000000ec480000,0x00000000ec480000)
  from space 512K, 48% used [0x00000000ec780000,0x00000000ec7bd810,0x00000000ec800000)
  to   space 512K, 0% used [0x00000000ec700000,0x00000000ec700000,0x00000000ec780000)
 ParOldGen       total 44032K, used 20979K [0x00000000c1c00000, 0x00000000c4700000, 0x00000000eb400000)
  object space 44032K, 47% used [0x00000000c1c00000,0x00000000c307cef8,0x00000000c4700000)
 Metaspace       used 16961K, capacity 17500K, committed 17792K, reserved 1064960K
  class space    used 2207K, capacity 2371K, committed 2432K, reserved 1048576K
Event: 82.712 GC heap after
Heap after GC invocations=105 (full 0):
 PSYoungGen      total 17408K, used 302K [0x00000000eb400000, 0x00000000ec800000, 0x0000000100000000)
  eden space 16896K, 0% used [0x00000000eb400000,0x00000000eb400000,0x00000000ec480000)
  from space 512K, 59% used [0x00000000ec700000,0x00000000ec74ba98,0x00000000ec780000)
  to   space 512K, 0% used [0x00000000ec780000,0x00000000ec780000,0x00000000ec800000)
 ParOldGen       total 44032K, used 20995K [0x00000000c1c00000, 0x00000000c4700000, 0x00000000eb400000)
  object space 44032K, 47% used [0x00000000c1c00000,0x00000000c3080f08,0x00000000c4700000)
 Metaspace       used 16961K, capacity 17500K, committed 17792K, reserved 1064960K
  class space    used 2207K, capacity 2371K, committed 2432K, reserved 1048576K
}
Event: 83.549 GC heap before
{Heap before GC invocations=106 (full 0):
 PSYoungGen      total 17408K, used 17198K [0x00000000eb400000, 0x00000000ec800000, 0x0000000100000000)
  eden space 16896K, 100% used [0x00000000eb400000,0x00000000ec480000,0x00000000ec480000)
  from space 512K, 59% used [0x00000000ec700000,0x00000000ec74ba98,0x00000000ec780000)
  to   space 512K, 0% used [0x00000000ec780000,0x00000000ec780000,0x00000000ec800000)
 ParOldGen       total 44032K, used 20995K [0x00000000c1c00000, 0x00000000c4700000, 0x00000000eb400000)
  object space 44032K, 47% used [0x00000000c1c00000,0x00000000c3080f08,0x00000000c4700000)
 Metaspace       used 16976K, capacity 17500K, committed 17792K, reserved 1064960K
  class space    used 2207K, capacity 2371K, committed 2432K, reserved 1048576K
Event: 83.551 GC heap after
Heap after GC invocations=106 (full 0):
 PSYoungGen      total 17408K, used 334K [0x00000000eb400000, 0x00000000ec800000, 0x0000000100000000)
  eden space 16896K, 0% used [0x00000000eb400000,0x00000000eb400000,0x00000000ec480000)
  from space 512K, 65% used [0x00000000ec780000,0x00000000ec7d38d8,0x00000000ec800000)
  to   space 512K, 0% used [0x00000000ec700000,0x00000000ec700000,0x00000000ec780000)
 ParOldGen       total 44032K, used 21161K [0x00000000c1c00000, 0x00000000c4700000, 0x00000000eb400000)
  object space 44032K, 48% used [0x00000000c1c00000,0x00000000c30aa718,0x00000000c4700000)
 Metaspace       used 16976K, capacity 17500K, committed 17792K, reserved 1064960K
  class space    used 2207K, capacity 2371K, committed 2432K, reserved 1048576K
}
Event: 84.373 GC heap before
{Heap before GC invocations=107 (full 0):
 PSYoungGen      total 17408K, used 17230K [0x00000000eb400000, 0x00000000ec800000, 0x0000000100000000)
  eden space 16896K, 100% used [0x00000000eb400000,0x00000000ec480000,0x00000000ec480000)
  from space 512K, 65% used [0x00000000ec780000,0x00000000ec7d38d8,0x00000000ec800000)
  to   space 512K, 0% used [0x00000000ec700000,0x00000000ec700000,0x00000000ec780000)
 ParOldGen       total 44032K, used 21161K [0x00000000c1c00000, 0x00000000c4700000, 0x00000000eb400000)
  object space 44032K, 48% used [0x00000000c1c00000,0x00000000c30aa718,0x00000000c4700000)
 Metaspace       used 16996K, capacity 17564K, committed 17792K, reserved 1064960K
  class space    used 2207K, capacity 2371K, committed 2432K, reserved 1048576K
Event: 84.376 GC heap after
Heap after GC invocations=107 (full 0):
 PSYoungGen      total 17408K, used 333K [0x00000000eb400000, 0x00000000ec800000, 0x0000000100000000)
  eden space 16896K, 0% used [0x00000000eb400000,0x00000000eb400000,0x00000000ec480000)
  from space 512K, 65% used [0x00000000ec700000,0x00000000ec753558,0x00000000ec780000)
  to   space 512K, 0% used [0x00000000ec780000,0x00000000ec780000,0x00000000ec800000)
 ParOldGen       total 44032K, used 21327K [0x00000000c1c00000, 0x00000000c4700000, 0x00000000eb400000)
  object space 44032K, 48% used [0x00000000c1c00000,0x00000000c30d3f28,0x00000000c4700000)
 Metaspace       used 16996K, capacity 17564K, committed 17792K, reserved 1064960K
  class space    used 2207K, capacity 2371K, committed 2432K, reserved 1048576K
}

