# JRE version: Java(TM) SE Runtime Environment (8.0_60-b27) (build 1.8.0_60-b27)
# Java VM: Java HotSpot(TM) 64-Bit Server VM (25.60-b23 mixed mode windows-amd64 compressed oops)
Heap:
 PSYoungGen      total 19968K, used 16918K [0x00000000ec380000, 0x00000000ed880000, 0x0000000100000000)
  eden space 18432K, 86% used [0x00000000ec380000,0x00000000ed2fcbf8,0x00000000ed580000)
  from space 1536K, 68% used [0x00000000ed700000,0x00000000ed808e48,0x00000000ed880000)
  to   space 1536K, 0% used [0x00000000ed580000,0x00000000ed580000,0x00000000ed700000)
 ParOldGen       total 40960K, used 38471K [0x00000000c4a00000, 0x00000000c7200000, 0x00000000ec380000)
  object space 40960K, 93% used [0x00000000c4a00000,0x00000000c6f91e18,0x00000000c7200000)
 Metaspace       used 17503K, capacity 18074K, committed 18304K, reserved 1064960K
  class space    used 2174K, capacity 2340K, committed 2432K, reserved 1048576K
GC Heap History (10 events):
Event: 32.843 GC heap before
{Heap before GC invocations=62 (full 0):
 PSYoungGen      total 19968K, used 19599K [0x00000000ec380000, 0x00000000ed880000, 0x0000000100000000)
  eden space 18432K, 99% used [0x00000000ec380000,0x00000000ed560510,0x00000000ed580000)
  from space 1536K, 84% used [0x00000000ed580000,0x00000000ed6c38c0,0x00000000ed700000)
  to   space 1536K, 0% used [0x00000000ed700000,0x00000000ed700000,0x00000000ed880000)
 ParOldGen       total 40960K, used 36101K [0x00000000c4a00000, 0x00000000c7200000, 0x00000000ec380000)
  object space 40960K, 88% used [0x00000000c4a00000,0x00000000c6d41508,0x00000000c7200000)
 Metaspace       used 17480K, capacity 17998K, committed 18304K, reserved 1064960K
  class space    used 2174K, capacity 2340K, committed 2432K, reserved 1048576K
Event: 32.844 GC heap after
Heap after GC invocations=62 (full 0):
 PSYoungGen      total 19968K, used 1015K [0x00000000ec380000, 0x00000000ed880000, 0x0000000100000000)
  eden space 18432K, 0% used [0x00000000ec380000,0x00000000ec380000,0x00000000ed580000)
  from space 1536K, 66% used [0x00000000ed700000,0x00000000ed7fdd78,0x00000000ed880000)
  to   space 1536K, 0% used [0x00000000ed580000,0x00000000ed580000,0x00000000ed700000)
 ParOldGen       total 40960K, used 36583K [0x00000000c4a00000, 0x00000000c7200000, 0x00000000ec380000)
  object space 40960K, 89% used [0x00000000c4a00000,0x00000000c6db9d48,0x00000000c7200000)
 Metaspace       used 17480K, capacity 17998K, committed 18304K, reserved 1064960K
  class space    used 2174K, capacity 2340K, committed 2432K, reserved 1048576K
}
Event: 33.197 GC heap before
{Heap before GC invocations=63 (full 0):
 PSYoungGen      total 19968K, used 19442K [0x00000000ec380000, 0x00000000ed880000, 0x0000000100000000)
  eden space 18432K, 99% used [0x00000000ec380000,0x00000000ed57ec00,0x00000000ed580000)
  from space 1536K, 66% used [0x00000000ed700000,0x00000000ed7fdd78,0x00000000ed880000)
  to   space 1536K, 0% used [0x00000000ed580000,0x00000000ed580000,0x00000000ed700000)
 ParOldGen       total 40960K, used 36583K [0x00000000c4a00000, 0x00000000c7200000, 0x00000000ec380000)
  object space 40960K, 89% used [0x00000000c4a00000,0x00000000c6db9d48,0x00000000c7200000)
 Metaspace       used 17480K, capacity 17998K, committed 18304K, reserved 1064960K
  class space    used 2174K, capacity 2340K, committed 2432K, reserved 1048576K
Event: 33.198 GC heap after
Heap after GC invocations=63 (full 0):
 PSYoungGen      total 19968K, used 1131K [0x00000000ec380000, 0x00000000ed880000, 0x0000000100000000)
  eden space 18432K, 0% used [0x00000000ec380000,0x00000000ec380000,0x00000000ed580000)
  from space 1536K, 73% used [0x00000000ed580000,0x00000000ed69aeb0,0x00000000ed700000)
  to   space 1536K, 0% used [0x00000000ed700000,0x00000000ed700000,0x00000000ed880000)
 ParOldGen       total 40960K, used 37057K [0x00000000c4a00000, 0x00000000c7200000, 0x00000000ec380000)
  object space 40960K, 90% used [0x00000000c4a00000,0x00000000c6e30578,0x00000000c7200000)
 Metaspace       used 17480K, capacity 17998K, committed 18304K, reserved 1064960K
  class space    used 2174K, capacity 2340K, committed 2432K, reserved 1048576K
}
Event: 33.554 GC heap before
{Heap before GC invocations=64 (full 0):
 PSYoungGen      total 19968K, used 19440K [0x00000000ec380000, 0x00000000ed880000, 0x0000000100000000)
  eden space 18432K, 99% used [0x00000000ec380000,0x00000000ed561158,0x00000000ed580000)
  from space 1536K, 73% used [0x00000000ed580000,0x00000000ed69aeb0,0x00000000ed700000)
  to   space 1536K, 0% used [0x00000000ed700000,0x00000000ed700000,0x00000000ed880000)
 ParOldGen       total 40960K, used 37057K [0x00000000c4a00000, 0x00000000c7200000, 0x00000000ec380000)
  object space 40960K, 90% used [0x00000000c4a00000,0x00000000c6e30578,0x00000000c7200000)
 Metaspace       used 17497K, capacity 18062K, committed 18304K, reserved 1064960K
  class space    used 2174K, capacity 2340K, committed 2432K, reserved 1048576K
Event: 33.555 GC heap after
Heap after GC invocations=64 (full 0):
 PSYoungGen      total 19968K, used 1382K [0x00000000ec380000, 0x00000000ed880000, 0x0000000100000000)
  eden space 18432K, 0% used [0x00000000ec380000,0x00000000ec380000,0x00000000ed580000)
  from space 1536K, 90% used [0x00000000ed700000,0x00000000ed859a80,0x00000000ed880000)
  to   space 1536K, 0% used [0x00000000ed580000,0x00000000ed580000,0x00000000ed700000)
 ParOldGen       total 40960K, used 37531K [0x00000000c4a00000, 0x00000000c7200000, 0x00000000ec380000)
  object space 40960K, 91% used [0x00000000c4a00000,0x00000000c6ea6db8,0x00000000c7200000)
 Metaspace       used 17497K, capacity 18062K, committed 18304K, reserved 1064960K
  class space    used 2174K, capacity 2340K, committed 2432K, reserved 1048576K
}
Event: 33.914 GC heap before
{Heap before GC invocations=65 (full 0):
 PSYoungGen      total 19968K, used 19767K [0x00000000ec380000, 0x00000000ed880000, 0x0000000100000000)
  eden space 18432K, 99% used [0x00000000ec380000,0x00000000ed574478,0x00000000ed580000)
  from space 1536K, 90% used [0x00000000ed700000,0x00000000ed859a80,0x00000000ed880000)
  to   space 1536K, 0% used [0x00000000ed580000,0x00000000ed580000,0x00000000ed700000)
 ParOldGen       total 40960K, used 37531K [0x00000000c4a00000, 0x00000000c7200000, 0x00000000ec380000)
  object space 40960K, 91% used [0x00000000c4a00000,0x00000000c6ea6db8,0x00000000c7200000)
 Metaspace       used 17499K, capacity 18062K, committed 18304K, reserved 1064960K
  class space    used 2174K, capacity 2340K, committed 2432K, reserved 1048576K
Event: 33.916 GC heap after
Heap after GC invocations=65 (full 0):
 PSYoungGen      total 19968K, used 1068K [0x00000000ec380000, 0x00000000ed880000, 0x0000000100000000)
  eden space 18432K, 0% used [0x00000000ec380000,0x00000000ec380000,0x00000000ed580000)
  from space 1536K, 69% used [0x00000000ed580000,0x00000000ed68b1a0,0x00000000ed700000)
  to   space 1536K, 0% used [0x00000000ed700000,0x00000000ed700000,0x00000000ed880000)
 ParOldGen       total 40960K, used 37997K [0x00000000c4a00000, 0x00000000c7200000, 0x00000000ec380000)
  object space 40960K, 92% used [0x00000000c4a00000,0x00000000c6f1b5e8,0x00000000c7200000)
 Metaspace       used 17499K, capacity 18062K, committed 18304K, reserved 1064960K
  class space    used 2174K, capacity 2340K, committed 2432K, reserved 1048576K
}
Event: 34.275 GC heap before
{Heap before GC invocations=66 (full 0):
 PSYoungGen      total 19968K, used 19478K [0x00000000ec380000, 0x00000000ed880000, 0x0000000100000000)
  eden space 18432K, 99% used [0x00000000ec380000,0x00000000ed57a8e0,0x00000000ed580000)
  from space 1536K, 69% used [0x00000000ed580000,0x00000000ed68b1a0,0x00000000ed700000)
  to   space 1536K, 0% used [0x00000000ed700000,0x00000000ed700000,0x00000000ed880000)
 ParOldGen       total 40960K, used 37997K [0x00000000c4a00000, 0x00000000c7200000, 0x00000000ec380000)
  object space 40960K, 92% used [0x00000000c4a00000,0x00000000c6f1b5e8,0x00000000c7200000)
 Metaspace       used 17503K, capacity 18074K, committed 18304K, reserved 1064960K
  class space    used 2174K, capacity 2340K, committed 2432K, reserved 1048576K
Event: 34.276 GC heap after
Heap after GC invocations=66 (full 0):
 PSYoungGen      total 19968K, used 1059K [0x00000000ec380000, 0x00000000ed880000, 0x0000000100000000)
  eden space 18432K, 0% used [0x00000000ec380000,0x00000000ec380000,0x00000000ed580000)
  from space 1536K, 68% used [0x00000000ed700000,0x00000000ed808e48,0x00000000ed880000)
  to   space 1536K, 0% used [0x00000000ed580000,0x00000000ed580000,0x00000000ed700000)
 ParOldGen       total 40960K, used 38471K [0x00000000c4a00000, 0x00000000c7200000, 0x00000000ec380000)
  object space 40960K, 93% used [0x00000000c4a00000,0x00000000c6f91e18,0x00000000c7200000)
 Metaspace       used 17503K, capacity 18074K, committed 18304K, reserved 1064960K
  class space    used 2174K, capacity 2340K, committed 2432K, reserved 1048576K
}

