# JRE version: Java(TM) SE Runtime Environment (8.0_73-b02) (build 1.8.0_73-b02)
# Java VM: Java HotSpot(TM) 64-Bit Server VM (25.73-b02 mixed mode windows-amd64 compressed oops)
Heap:
 PSYoungGen      total 32256K, used 31872K [0x00000000eb400000, 0x00000000f2f00000, 0x0000000100000000)
  eden space 31232K, 100% used [0x00000000eb400000,0x00000000ed280000,0x00000000ed280000)
  from space 1024K, 62% used [0x00000000f2e00000,0x00000000f2ea01b0,0x00000000f2f00000)
  to   space 1536K, 0% used [0x00000000f2c00000,0x00000000f2c00000,0x00000000f2d80000)
 ParOldGen       total 44032K, used 15459K [0x00000000c1c00000, 0x00000000c4700000, 0x00000000eb400000)
  object space 44032K, 35% used [0x00000000c1c00000,0x00000000c2b18ff8,0x00000000c4700000)
 Metaspace       used 17076K, capacity 17620K, committed 17792K, reserved 1064960K
  class space    used 2199K, capacity 2371K, committed 2432K, reserved 1048576K
GC Heap History (10 events):
Event: 47.262 GC heap before
{Heap before GC invocations=42 (full 0):
 PSYoungGen      total 37888K, used 36959K [0x00000000eb400000, 0x00000000f3180000, 0x0000000100000000)
  eden space 36352K, 100% used [0x00000000eb400000,0x00000000ed780000,0x00000000ed780000)
  from space 1536K, 39% used [0x00000000f2e80000,0x00000000f2f17c88,0x00000000f3000000)
  to   space 1536K, 0% used [0x00000000f3000000,0x00000000f3000000,0x00000000f3180000)
 ParOldGen       total 44032K, used 14600K [0x00000000c1c00000, 0x00000000c4700000, 0x00000000eb400000)
  object space 44032K, 33% used [0x00000000c1c00000,0x00000000c2a42000,0x00000000c4700000)
 Metaspace       used 17056K, capacity 17620K, committed 17792K, reserved 1064960K
  class space    used 2199K, capacity 2371K, committed 2432K, reserved 1048576K
Event: 47.264 GC heap after
Heap after GC invocations=42 (full 0):
 PSYoungGen      total 35840K, used 490K [0x00000000eb400000, 0x00000000f3080000, 0x0000000100000000)
  eden space 35328K, 0% used [0x00000000eb400000,0x00000000eb400000,0x00000000ed680000)
  from space 512K, 95% used [0x00000000f3000000,0x00000000f307ab28,0x00000000f3080000)
  to   space 1536K, 0% used [0x00000000f2d80000,0x00000000f2d80000,0x00000000f2f00000)
 ParOldGen       total 44032K, used 14916K [0x00000000c1c00000, 0x00000000c4700000, 0x00000000eb400000)
  object space 44032K, 33% used [0x00000000c1c00000,0x00000000c2a91030,0x00000000c4700000)
 Metaspace       used 17056K, capacity 17620K, committed 17792K, reserved 1064960K
  class space    used 2199K, capacity 2371K, committed 2432K, reserved 1048576K
}
Event: 48.233 GC heap before
{Heap before GC invocations=43 (full 0):
 PSYoungGen      total 35840K, used 35818K [0x00000000eb400000, 0x00000000f3080000, 0x0000000100000000)
  eden space 35328K, 100% used [0x00000000eb400000,0x00000000ed680000,0x00000000ed680000)
  from space 512K, 95% used [0x00000000f3000000,0x00000000f307ab28,0x00000000f3080000)
  to   space 1536K, 0% used [0x00000000f2d80000,0x00000000f2d80000,0x00000000f2f00000)
 ParOldGen       total 44032K, used 14916K [0x00000000c1c00000, 0x00000000c4700000, 0x00000000eb400000)
  object space 44032K, 33% used [0x00000000c1c00000,0x00000000c2a91278,0x00000000c4700000)
 Metaspace       used 17057K, capacity 17620K, committed 17792K, reserved 1064960K
  class space    used 2199K, capacity 2371K, committed 2432K, reserved 1048576K
Event: 48.236 GC heap after
Heap after GC invocations=43 (full 0):
 PSYoungGen      total 35840K, used 676K [0x00000000eb400000, 0x00000000f3080000, 0x0000000100000000)
  eden space 34304K, 0% used [0x00000000eb400000,0x00000000eb400000,0x00000000ed580000)
  from space 1536K, 44% used [0x00000000f2d80000,0x00000000f2e29228,0x00000000f2f00000)
  to   space 1536K, 0% used [0x00000000f2f00000,0x00000000f2f00000,0x00000000f3080000)
 ParOldGen       total 44032K, used 14932K [0x00000000c1c00000, 0x00000000c4700000, 0x00000000eb400000)
  object space 44032K, 33% used [0x00000000c1c00000,0x00000000c2a95288,0x00000000c4700000)
 Metaspace       used 17057K, capacity 17620K, committed 17792K, reserved 1064960K
  class space    used 2199K, capacity 2371K, committed 2432K, reserved 1048576K
}
Event: 49.313 GC heap before
{Heap before GC invocations=44 (full 0):
 PSYoungGen      total 35840K, used 34980K [0x00000000eb400000, 0x00000000f3080000, 0x0000000100000000)
  eden space 34304K, 100% used [0x00000000eb400000,0x00000000ed580000,0x00000000ed580000)
  from space 1536K, 44% used [0x00000000f2d80000,0x00000000f2e29228,0x00000000f2f00000)
  to   space 1536K, 0% used [0x00000000f2f00000,0x00000000f2f00000,0x00000000f3080000)
 ParOldGen       total 44032K, used 14938K [0x00000000c1c00000, 0x00000000c4700000, 0x00000000eb400000)
  object space 44032K, 33% used [0x00000000c1c00000,0x00000000c2a96960,0x00000000c4700000)
 Metaspace       used 17063K, capacity 17620K, committed 17792K, reserved 1064960K
  class space    used 2199K, capacity 2371K, committed 2432K, reserved 1048576K
Event: 49.316 GC heap after
Heap after GC invocations=44 (full 0):
 PSYoungGen      total 33792K, used 493K [0x00000000eb400000, 0x00000000f2f80000, 0x0000000100000000)
  eden space 33280K, 0% used [0x00000000eb400000,0x00000000eb400000,0x00000000ed480000)
  from space 512K, 96% used [0x00000000f2f00000,0x00000000f2f7b740,0x00000000f2f80000)
  to   space 1536K, 0% used [0x00000000f2c80000,0x00000000f2c80000,0x00000000f2e00000)
 ParOldGen       total 44032K, used 15104K [0x00000000c1c00000, 0x00000000c4700000, 0x00000000eb400000)
  object space 44032K, 34% used [0x00000000c1c00000,0x00000000c2ac0180,0x00000000c4700000)
 Metaspace       used 17063K, capacity 17620K, committed 17792K, reserved 1064960K
  class space    used 2199K, capacity 2371K, committed 2432K, reserved 1048576K
}
Event: 50.303 GC heap before
{Heap before GC invocations=45 (full 0):
 PSYoungGen      total 33792K, used 33773K [0x00000000eb400000, 0x00000000f2f80000, 0x0000000100000000)
  eden space 33280K, 100% used [0x00000000eb400000,0x00000000ed480000,0x00000000ed480000)
  from space 512K, 96% used [0x00000000f2f00000,0x00000000f2f7b740,0x00000000f2f80000)
  to   space 1536K, 0% used [0x00000000f2c80000,0x00000000f2c80000,0x00000000f2e00000)
 ParOldGen       total 44032K, used 15104K [0x00000000c1c00000, 0x00000000c4700000, 0x00000000eb400000)
  object space 44032K, 34% used [0x00000000c1c00000,0x00000000c2ac03c8,0x00000000c4700000)
 Metaspace       used 17067K, capacity 17620K, committed 17792K, reserved 1064960K
  class space    used 2199K, capacity 2371K, committed 2432K, reserved 1048576K
Event: 50.316 GC heap after
Heap after GC invocations=45 (full 0):
 PSYoungGen      total 33792K, used 639K [0x00000000eb400000, 0x00000000f2f80000, 0x0000000100000000)
  eden space 32256K, 0% used [0x00000000eb400000,0x00000000eb400000,0x00000000ed380000)
  from space 1536K, 41% used [0x00000000f2c80000,0x00000000f2d1fff0,0x00000000f2e00000)
  to   space 1536K, 0% used [0x00000000f2e00000,0x00000000f2e00000,0x00000000f2f80000)
 ParOldGen       total 44032K, used 15278K [0x00000000c1c00000, 0x00000000c4700000, 0x00000000eb400000)
  object space 44032K, 34% used [0x00000000c1c00000,0x00000000c2aebbe8,0x00000000c4700000)
 Metaspace       used 17067K, capacity 17620K, committed 17792K, reserved 1064960K
  class space    used 2199K, capacity 2371K, committed 2432K, reserved 1048576K
}
Event: 51.526 GC heap before
{Heap before GC invocations=46 (full 0):
 PSYoungGen      total 33792K, used 32895K [0x00000000eb400000, 0x00000000f2f80000, 0x0000000100000000)
  eden space 32256K, 100% used [0x00000000eb400000,0x00000000ed380000,0x00000000ed380000)
  from space 1536K, 41% used [0x00000000f2c80000,0x00000000f2d1fff0,0x00000000f2e00000)
  to   space 1536K, 0% used [0x00000000f2e00000,0x00000000f2e00000,0x00000000f2f80000)
 ParOldGen       total 44032K, used 15284K [0x00000000c1c00000, 0x00000000c4700000, 0x00000000eb400000)
  object space 44032K, 34% used [0x00000000c1c00000,0x00000000c2aed2b8,0x00000000c4700000)
 Metaspace       used 17073K, capacity 17620K, committed 17792K, reserved 1064960K
  class space    used 2199K, capacity 2371K, committed 2432K, reserved 1048576K
Event: 51.528 GC heap after
Heap after GC invocations=46 (full 0):
 PSYoungGen      total 32256K, used 640K [0x00000000eb400000, 0x00000000f2f00000, 0x0000000100000000)
  eden space 31232K, 0% used [0x00000000eb400000,0x00000000eb400000,0x00000000ed280000)
  from space 1024K, 62% used [0x00000000f2e00000,0x00000000f2ea01b0,0x00000000f2f00000)
  to   space 1536K, 0% used [0x00000000f2c00000,0x00000000f2c00000,0x00000000f2d80000)
 ParOldGen       total 44032K, used 15458K [0x00000000c1c00000, 0x00000000c4700000, 0x00000000eb400000)
  object space 44032K, 35% used [0x00000000c1c00000,0x00000000c2b18ad8,0x00000000c4700000)
 Metaspace       used 17073K, capacity 17620K, committed 17792K, reserved 1064960K
  class space    used 2199K, capacity 2371K, committed 2432K, reserved 1048576K
}

