# JRE version: Java(TM) SE Runtime Environment (8.0_60-b27) (build 1.8.0_60-b27)
# Java VM: Java HotSpot(TM) 64-Bit Server VM (25.60-b23 mixed mode windows-amd64 compressed oops)
Heap:
 PSYoungGen      total 33280K, used 5513K [0x00000000ec380000, 0x00000000ee680000, 0x0000000100000000)
  eden space 30720K, 9% used [0x00000000ec380000,0x00000000ec668f90,0x00000000ee180000)
  from space 2560K, 98% used [0x00000000ee400000,0x00000000ee6794e8,0x00000000ee680000)
  to   space 2560K, 0% used [0x00000000ee180000,0x00000000ee180000,0x00000000ee400000)
 ParOldGen       total 40960K, used 5874K [0x00000000c4a00000, 0x00000000c7200000, 0x00000000ec380000)
  object space 40960K, 14% used [0x00000000c4a00000,0x00000000c4fbc8d0,0x00000000c7200000)
 Metaspace       used 16620K, capacity 17204K, committed 17536K, reserved 1064960K
  class space    used 2177K, capacity 2339K, committed 2432K, reserved 1048576K
GC Heap History (8 events):
Event: 0.992 GC heap before
{Heap before GC invocations=1 (full 0):
 PSYoungGen      total 17920K, used 15360K [0x00000000ec380000, 0x00000000ed780000, 0x0000000100000000)
  eden space 15360K, 100% used [0x00000000ec380000,0x00000000ed280000,0x00000000ed280000)
  from space 2560K, 0% used [0x00000000ed500000,0x00000000ed500000,0x00000000ed780000)
  to   space 2560K, 0% used [0x00000000ed280000,0x00000000ed280000,0x00000000ed500000)
 ParOldGen       total 40960K, used 0K [0x00000000c4a00000, 0x00000000c7200000, 0x00000000ec380000)
  object space 40960K, 0% used [0x00000000c4a00000,0x00000000c4a00000,0x00000000c7200000)
 Metaspace       used 10583K, capacity 10936K, committed 11136K, reserved 1058816K
  class space    used 1289K, capacity 1402K, committed 1408K, reserved 1048576K
Event: 1.012 GC heap after
Heap after GC invocations=1 (full 0):
 PSYoungGen      total 17920K, used 2528K [0x00000000ec380000, 0x00000000ee680000, 0x0000000100000000)
  eden space 15360K, 0% used [0x00000000ec380000,0x00000000ec380000,0x00000000ed280000)
  from space 2560K, 98% used [0x00000000ed280000,0x00000000ed4f8050,0x00000000ed500000)
  to   space 2560K, 0% used [0x00000000ee400000,0x00000000ee400000,0x00000000ee680000)
 ParOldGen       total 40960K, used 410K [0x00000000c4a00000, 0x00000000c7200000, 0x00000000ec380000)
  object space 40960K, 1% used [0x00000000c4a00000,0x00000000c4a66ba8,0x00000000c7200000)
 Metaspace       used 10583K, capacity 10936K, committed 11136K, reserved 1058816K
  class space    used 1289K, capacity 1402K, committed 1408K, reserved 1048576K
}
Event: 5.322 GC heap before
{Heap before GC invocations=2 (full 0):
 PSYoungGen      total 17920K, used 17888K [0x00000000ec380000, 0x00000000ee680000, 0x0000000100000000)
  eden space 15360K, 100% used [0x00000000ec380000,0x00000000ed280000,0x00000000ed280000)
  from space 2560K, 98% used [0x00000000ed280000,0x00000000ed4f8050,0x00000000ed500000)
  to   space 2560K, 0% used [0x00000000ee400000,0x00000000ee400000,0x00000000ee680000)
 ParOldGen       total 40960K, used 410K [0x00000000c4a00000, 0x00000000c7200000, 0x00000000ec380000)
  object space 40960K, 1% used [0x00000000c4a00000,0x00000000c4a66ba8,0x00000000c7200000)
 Metaspace       used 14972K, capacity 15538K, committed 15744K, reserved 1062912K
  class space    used 1979K, capacity 2146K, committed 2176K, reserved 1048576K
Event: 5.330 GC heap after
Heap after GC invocations=2 (full 0):
 PSYoungGen      total 33280K, used 2528K [0x00000000ec380000, 0x00000000ee680000, 0x0000000100000000)
  eden space 30720K, 0% used [0x00000000ec380000,0x00000000ec380000,0x00000000ee180000)
  from space 2560K, 98% used [0x00000000ee400000,0x00000000ee678020,0x00000000ee680000)
  to   space 2560K, 0% used [0x00000000ee180000,0x00000000ee180000,0x00000000ee400000)
 ParOldGen       total 40960K, used 4622K [0x00000000c4a00000, 0x00000000c7200000, 0x00000000ec380000)
  object space 40960K, 11% used [0x00000000c4a00000,0x00000000c4e838e0,0x00000000c7200000)
 Metaspace       used 14972K, capacity 15538K, committed 15744K, reserved 1062912K
  class space    used 1979K, capacity 2146K, committed 2176K, reserved 1048576K
}
Event: 6.390 GC heap before
{Heap before GC invocations=3 (full 0):
 PSYoungGen      total 33280K, used 33248K [0x00000000ec380000, 0x00000000ee680000, 0x0000000100000000)
  eden space 30720K, 100% used [0x00000000ec380000,0x00000000ee180000,0x00000000ee180000)
  from space 2560K, 98% used [0x00000000ee400000,0x00000000ee678020,0x00000000ee680000)
  to   space 2560K, 0% used [0x00000000ee180000,0x00000000ee180000,0x00000000ee400000)
 ParOldGen       total 40960K, used 4622K [0x00000000c4a00000, 0x00000000c7200000, 0x00000000ec380000)
  object space 40960K, 11% used [0x00000000c4a00000,0x00000000c4e838e0,0x00000000c7200000)
 Metaspace       used 15330K, capacity 15890K, committed 16128K, reserved 1062912K
  class space    used 2013K, capacity 2178K, committed 2304K, reserved 1048576K
Event: 6.395 GC heap after
Heap after GC invocations=3 (full 0):
 PSYoungGen      total 33280K, used 2544K [0x00000000ec380000, 0x00000000ee680000, 0x0000000100000000)
  eden space 30720K, 0% used [0x00000000ec380000,0x00000000ec380000,0x00000000ee180000)
  from space 2560K, 99% used [0x00000000ee180000,0x00000000ee3fc050,0x00000000ee400000)
  to   space 2560K, 0% used [0x00000000ee400000,0x00000000ee400000,0x00000000ee680000)
 ParOldGen       total 40960K, used 4780K [0x00000000c4a00000, 0x00000000c7200000, 0x00000000ec380000)
  object space 40960K, 11% used [0x00000000c4a00000,0x00000000c4eab0f0,0x00000000c7200000)
 Metaspace       used 15330K, capacity 15890K, committed 16128K, reserved 1062912K
  class space    used 2013K, capacity 2178K, committed 2304K, reserved 1048576K
}
Event: 7.056 GC heap before
{Heap before GC invocations=4 (full 0):
 PSYoungGen      total 33280K, used 33264K [0x00000000ec380000, 0x00000000ee680000, 0x0000000100000000)
  eden space 30720K, 100% used [0x00000000ec380000,0x00000000ee180000,0x00000000ee180000)
  from space 2560K, 99% used [0x00000000ee180000,0x00000000ee3fc050,0x00000000ee400000)
  to   space 2560K, 0% used [0x00000000ee400000,0x00000000ee400000,0x00000000ee680000)
 ParOldGen       total 40960K, used 4780K [0x00000000c4a00000, 0x00000000c7200000, 0x00000000ec380000)
  object space 40960K, 11% used [0x00000000c4a00000,0x00000000c4eab0f0,0x00000000c7200000)
 Metaspace       used 16619K, capacity 17204K, committed 17536K, reserved 1064960K
  class space    used 2177K, capacity 2339K, committed 2432K, reserved 1048576K
Event: 7.061 GC heap after
Heap after GC invocations=4 (full 0):
 PSYoungGen      total 33280K, used 2533K [0x00000000ec380000, 0x00000000ee680000, 0x0000000100000000)
  eden space 30720K, 0% used [0x00000000ec380000,0x00000000ec380000,0x00000000ee180000)
  from space 2560K, 98% used [0x00000000ee400000,0x00000000ee6794e8,0x00000000ee680000)
  to   space 2560K, 0% used [0x00000000ee180000,0x00000000ee180000,0x00000000ee400000)
 ParOldGen       total 40960K, used 5874K [0x00000000c4a00000, 0x00000000c7200000, 0x00000000ec380000)
  object space 40960K, 14% used [0x00000000c4a00000,0x00000000c4fbc8d0,0x00000000c7200000)
 Metaspace       used 16619K, capacity 17204K, committed 17536K, reserved 1064960K
  class space    used 2177K, capacity 2339K, committed 2432K, reserved 1048576K
}

